#
# There is insufficient memory for the Java Runtime Environment to continue.
# Native memory allocation (mmap) failed to map 2147483648 bytes. Error detail: G1 virtual space
# Possible reasons:
#   The system is out of physical RAM or swap space
#   This process is running with CompressedOops enabled, and the Java Heap may be blocking the growth of the native heap
# Possible solutions:
#   Reduce memory load on the system
#   Increase physical memory or swap space
#   Check if swap backing store is full
#   Decrease Java heap size (-Xmx/-Xms)
#   Decrease number of Java threads
#   Decrease Java thread stack sizes (-Xss)
#   Set larger code cache with -XX:ReservedCodeCacheSize=
#   JVM is running with Zero Based Compressed Oops mode in which the Java heap is
#     placed in the first 32GB address space. The Java Heap base address is the
#     maximum limit for the native heap growth. Please use -XX:HeapBaseMinAddress
#     to set the Java Heap base and to place the Java Heap above 32GB virtual address.
# This output file may be truncated or incomplete.
#
#  Out of Memory Error (os_windows.cpp:3613), pid=62688, tid=234148
#
# JRE version:  (17.0.11+9) (build )
# Java VM: OpenJDK 64-Bit Server VM (17.0.11+9, mixed mode, emulated-client, sharing, tiered, compressed oops, compressed class ptrs, g1 gc, windows-amd64)
# Core dump will be written. Default location: C:\Users\2000123709\Documents\workspace-spring-tool-suite-4-4.22.1.RELEASE\eventmanagement\hs_err_pid62688.mdmp
#

---------------  S U M M A R Y ------------

Command Line: -Dcom.sun.management.jmxremote -Dcom.sun.management.jmxremote.port=60147 -Dcom.sun.management.jmxremote.authenticate=false -Dcom.sun.management.jmxremote.ssl=false -Djava.rmi.server.hostname=localhost -Dspring.jmx.enabled=true -Dmanagement.endpoints.jmx.exposure.include=* -Dspring.application.admin.enabled=true -XX:TieredStopAtLevel=1 -Dspring.boot.project.name=eventmanagement -Dfile.encoding=UTF-8 -Dstdout.encoding=UTF-8 -Dstderr.encoding=UTF-8 -XX:+ShowCodeDetailsInExceptionMessages com.cts.EventmanagementApplication --spring.output.ansi.enabled=always

Host: AMD EPYC 7452 32-Core Processor                , 16 cores, 127G,  Windows Server 2019 , 64 bit Build 19041 (10.0.19041.3636)
Time: Tue Jun 18 12:50:05 2024 India Standard Time elapsed time: 0.435849 seconds (0d 0h 0m 0s)

---------------  T H R E A D  ---------------

Current thread (0x000001b99cbd3b40):  JavaThread "Unknown thread" [_thread_in_vm, id=234148, stack(0x0000008156000000,0x0000008156100000)]

Stack: [0x0000008156000000,0x0000008156100000]
Native frames: (J=compiled Java code, j=interpreted, Vv=VM code, C=native code)
V  [jvm.dll+0x67d429]
V  [jvm.dll+0x834b7a]
V  [jvm.dll+0x83663e]
V  [jvm.dll+0x836ca3]
V  [jvm.dll+0x247dbf]
V  [jvm.dll+0x67a269]
V  [jvm.dll+0x66ecda]
V  [jvm.dll+0x30797b]
V  [jvm.dll+0x30ee26]
V  [jvm.dll+0x35e80e]
V  [jvm.dll+0x35ea3f]
V  [jvm.dll+0x2de6b8]
V  [jvm.dll+0x2df624]
V  [jvm.dll+0x806531]
V  [jvm.dll+0x36c561]
V  [jvm.dll+0x7e4f56]
V  [jvm.dll+0x3efdcf]
V  [jvm.dll+0x3f1921]
C  [jli.dll+0x528f]
C  [ucrtbase.dll+0x21bb2]
C  [KERNEL32.DLL+0x17344]
C  [ntdll.dll+0x526b1]


---------------  P R O C E S S  ---------------

Threads class SMR info:
_java_thread_list=0x00007ffdbad1eed8, length=0, elements={
}

Java Threads: ( => current thread )

Other Threads:
  0x000001b99cc7e0a0 GCTaskThread "GC Thread#0" [stack: 0x0000008156100000,0x0000008156200000] [id=191836]
  0x000001b9a39fff40 ConcurrentGCThread "G1 Main Marker" [stack: 0x0000008156200000,0x0000008156300000] [id=275352]
  0x000001b9a3a01dc0 ConcurrentGCThread "G1 Conc#0" [stack: 0x0000008156300000,0x0000008156400000] [id=184196]

[error occurred during error reporting (printing all threads), id 0xc0000005, EXCEPTION_ACCESS_VIOLATION (0xc0000005) at pc=0x00007ffdba4df0f7]

VM state: not at safepoint (not fully initialized)

VM Mutex/Monitor currently owned by a thread:  ([mutex/lock_event])
[0x000001b99cbce900] Heap_lock - owner thread: 0x000001b99cbd3b40

Heap address: 0x0000000082000000, size: 30688 MB, Compressed Oops mode: Zero based, Oop shift amount: 3

CDS archive(s) mapped at: [0x0000000000000000-0x0000000000000000-0x0000000000000000), size 0, SharedBaseAddress: 0x0000000800000000, ArchiveRelocationMode: 1.
Narrow klass base: 0x0000000000000000, Narrow klass shift: 0, Narrow klass range: 0x0

GC Precious Log:
<Empty>

Heap:
 garbage-first heap   total 0K, used 0K [0x0000000082000000, 0x0000000800000000)
  region size 16384K, 0 young (0K), 0 survivors (0K)

[error occurred during error reporting (printing heap information), id 0xc0000005, EXCEPTION_ACCESS_VIOLATION (0xc0000005) at pc=0x00007ffdba8c70c9]

GC Heap History (0 events):
No events

Dll operation events (1 events):
Event: 0.096 Loaded shared library C:\Users\2000123709\Downloads\sts-4.22.1.RELEASE\plugins\org.eclipse.justj.openjdk.hotspot.jre.full.win32.x86_64_17.0.11.v20240426-1830\jre\bin\java.dll

Deoptimization events (0 events):
No events

Classes unloaded (0 events):
No events

Classes redefined (0 events):
No events

Internal exceptions (0 events):
No events

VM Operations (0 events):
No events

Events (0 events):
No events


Dynamic libraries:
0x00007ff726c20000 - 0x00007ff726c2e000 	C:\Users\2000123709\Downloads\sts-4.22.1.RELEASE\plugins\org.eclipse.justj.openjdk.hotspot.jre.full.win32.x86_64_17.0.11.v20240426-1830\jre\bin\javaw.exe
0x00007ffec2330000 - 0x00007ffec2528000 	C:\Windows\SYSTEM32\ntdll.dll
0x00007ffec1dc0000 - 0x00007ffec1e7d000 	C:\Windows\System32\KERNEL32.DLL
0x00007ffebff10000 - 0x00007ffec0206000 	C:\Windows\System32\KERNELBASE.dll
0x00007ffebfbe0000 - 0x00007ffebfce0000 	C:\Windows\System32\ucrtbase.dll
0x00007ffdc8da0000 - 0x00007ffdc8db7000 	C:\Users\2000123709\Downloads\sts-4.22.1.RELEASE\plugins\org.eclipse.justj.openjdk.hotspot.jre.full.win32.x86_64_17.0.11.v20240426-1830\jre\bin\jli.dll
0x00007ffec2140000 - 0x00007ffec22df000 	C:\Windows\System32\USER32.dll
0x00007ffebfee0000 - 0x00007ffebff02000 	C:\Windows\System32\win32u.dll
0x00007ffec0780000 - 0x00007ffec07ab000 	C:\Windows\System32\GDI32.dll
0x00007ffebfd90000 - 0x00007ffebfea7000 	C:\Windows\System32\gdi32full.dll
0x00007ffebf9e0000 - 0x00007ffebfa7d000 	C:\Windows\System32\msvcp_win.dll
0x00007ffdc8f70000 - 0x00007ffdc8f8b000 	C:\Users\2000123709\Downloads\sts-4.22.1.RELEASE\plugins\org.eclipse.justj.openjdk.hotspot.jre.full.win32.x86_64_17.0.11.v20240426-1830\jre\bin\VCRUNTIME140.dll
0x00007ffeaf370000 - 0x00007ffeaf60a000 	C:\Windows\WinSxS\amd64_microsoft.windows.common-controls_6595b64144ccf1df_6.0.19041.3636_none_60b6a03d71f818d5\COMCTL32.dll
0x00007ffec20a0000 - 0x00007ffec213e000 	C:\Windows\System32\msvcrt.dll
0x00007ffec1230000 - 0x00007ffec1262000 	C:\Windows\System32\IMM32.DLL
0x000001b99aa00000 - 0x000001b99aa14000 	C:\Windows\System32\umppc18511.dll
0x00007ffe9a130000 - 0x00007ffe9a13c000 	C:\Users\2000123709\Downloads\sts-4.22.1.RELEASE\plugins\org.eclipse.justj.openjdk.hotspot.jre.full.win32.x86_64_17.0.11.v20240426-1830\jre\bin\vcruntime140_1.dll
0x00007ffdc4610000 - 0x00007ffdc469d000 	C:\Users\2000123709\Downloads\sts-4.22.1.RELEASE\plugins\org.eclipse.justj.openjdk.hotspot.jre.full.win32.x86_64_17.0.11.v20240426-1830\jre\bin\msvcp140.dll
0x00007ffdba1f0000 - 0x00007ffdbae52000 	C:\Users\2000123709\Downloads\sts-4.22.1.RELEASE\plugins\org.eclipse.justj.openjdk.hotspot.jre.full.win32.x86_64_17.0.11.v20240426-1830\jre\bin\server\jvm.dll
0x00007ffec1f90000 - 0x00007ffec2040000 	C:\Windows\System32\ADVAPI32.dll
0x00007ffec1e80000 - 0x00007ffec1f20000 	C:\Windows\System32\sechost.dll
0x00007ffec1100000 - 0x00007ffec1223000 	C:\Windows\System32\RPCRT4.dll
0x00007ffebfeb0000 - 0x00007ffebfed7000 	C:\Windows\System32\bcrypt.dll
0x00007ffebf840000 - 0x00007ffebf88b000 	C:\Windows\SYSTEM32\POWRPROF.dll
0x00007ffeb4f80000 - 0x00007ffeb4f89000 	C:\Windows\SYSTEM32\WSOCK32.dll
0x00007ffec1f20000 - 0x00007ffec1f8b000 	C:\Windows\System32\WS2_32.dll
0x00007ffeb28e0000 - 0x00007ffeb2907000 	C:\Windows\SYSTEM32\WINMM.dll
0x00007ffeb58e0000 - 0x00007ffeb58ea000 	C:\Windows\SYSTEM32\VERSION.dll
0x00007ffebf820000 - 0x00007ffebf832000 	C:\Windows\SYSTEM32\UMPDC.dll
0x00007ffebddf0000 - 0x00007ffebde02000 	C:\Windows\SYSTEM32\kernel.appcore.dll
0x00007ffeb19f0000 - 0x00007ffeb19fa000 	C:\Users\2000123709\Downloads\sts-4.22.1.RELEASE\plugins\org.eclipse.justj.openjdk.hotspot.jre.full.win32.x86_64_17.0.11.v20240426-1830\jre\bin\jimage.dll
0x00007ffeb2150000 - 0x00007ffeb2334000 	C:\Windows\SYSTEM32\DBGHELP.DLL
0x00007ffeb49c0000 - 0x00007ffeb49f4000 	C:\Windows\SYSTEM32\dbgcore.DLL
0x00007ffec0210000 - 0x00007ffec0292000 	C:\Windows\System32\bcryptPrimitives.dll
0x00007ffdc9f10000 - 0x00007ffdc9f35000 	C:\Users\2000123709\Downloads\sts-4.22.1.RELEASE\plugins\org.eclipse.justj.openjdk.hotspot.jre.full.win32.x86_64_17.0.11.v20240426-1830\jre\bin\java.dll

dbghelp: loaded successfully - version: 4.0.5 - missing functions: none
symbol engine: initialized successfully - sym options: 0x614 - pdb path: .;C:\Users\2000123709\Downloads\sts-4.22.1.RELEASE\plugins\org.eclipse.justj.openjdk.hotspot.jre.full.win32.x86_64_17.0.11.v20240426-1830\jre\bin;C:\Windows\SYSTEM32;C:\Windows\WinSxS\amd64_microsoft.windows.common-controls_6595b64144ccf1df_6.0.19041.3636_none_60b6a03d71f818d5;C:\Users\2000123709\Downloads\sts-4.22.1.RELEASE\plugins\org.eclipse.justj.openjdk.hotspot.jre.full.win32.x86_64_17.0.11.v20240426-1830\jre\bin\server

VM Arguments:
jvm_args: -Dcom.sun.management.jmxremote -Dcom.sun.management.jmxremote.port=60147 -Dcom.sun.management.jmxremote.authenticate=false -Dcom.sun.management.jmxremote.ssl=false -Djava.rmi.server.hostname=localhost -Dspring.jmx.enabled=true -Dmanagement.endpoints.jmx.exposure.include=* -Dspring.application.admin.enabled=true -XX:TieredStopAtLevel=1 -Dspring.boot.project.name=eventmanagement -Dfile.encoding=UTF-8 -Dstdout.encoding=UTF-8 -Dstderr.encoding=UTF-8 -XX:+ShowCodeDetailsInExceptionMessages 
java_command: com.cts.EventmanagementApplication --spring.output.ansi.enabled=always
java_class_path (initial): C:\Users\2000123709\Documents\workspace-spring-tool-suite-4-4.22.1.RELEASE\eventmanagement\target\classes;C:\Users\2000123709\.m2\repository\org\springframework\boot\spring-boot-starter-data-jpa\3.3.0\spring-boot-starter-data-jpa-3.3.0.jar;C:\Users\2000123709\.m2\repository\org\springframework\boot\spring-boot-starter-aop\3.3.0\spring-boot-starter-aop-3.3.0.jar;C:\Users\2000123709\.m2\repository\org\springframework\spring-aop\6.1.8\spring-aop-6.1.8.jar;C:\Users\2000123709\.m2\repository\org\aspectj\aspectjweaver\1.9.22\aspectjweaver-1.9.22.jar;C:\Users\2000123709\.m2\repository\org\springframework\boot\spring-boot-starter-jdbc\3.3.0\spring-boot-starter-jdbc-3.3.0.jar;C:\Users\2000123709\.m2\repository\com\zaxxer\HikariCP\5.1.0\HikariCP-5.1.0.jar;C:\Users\2000123709\.m2\repository\org\springframework\spring-jdbc\6.1.8\spring-jdbc-6.1.8.jar;C:\Users\2000123709\.m2\repository\org\hibernate\orm\hibernate-core\6.5.2.Final\hibernate-core-6.5.2.Final.jar;C:\Users\2000123709\.m2\repository\jakarta\persistence\jakarta.persistence-api\3.1.0\jakarta.persistence-api-3.1.0.jar;C:\Users\2000123709\.m2\repository\jakarta\transaction\jakarta.transaction-api\2.0.1\jakarta.transaction-api-2.0.1.jar;C:\Users\2000123709\.m2\repository\org\jboss\logging\jboss-logging\3.5.3.Final\jboss-logging-3.5.3.Final.jar;C:\Users\2000123709\.m2\repository\org\hibernate\common\hibernate-commons-annotations\6.0.6.Final\hibernate-commons-annotations-6.0.6.Final.jar;C:\Users\2000123709\.m2\repository\io\smallrye\jandex\3.1.2\jandex-3.1.2.jar;C:\Users\2000123709\.m2\repository\com\fasterxml\classmate\1.7.0\classmate-1.7.0.jar;C:\Users\2000123709\.m2\repository\net\bytebuddy\byte-buddy\1.14.16\byte-buddy-1.14.16.jar;C:\Users\2000123709\.m2\repository\org\glassfish\jaxb\jaxb-runtime\4.0.5\jaxb-runtime-4.0.5.jar;C:\Users\2000123709\.m2\repository\org\glassfish\jaxb\jaxb-core\4.0.5\jaxb-core-4.0.5.jar;C:\Users\2000123709\.m2\repository\org\eclipse\angus\angus-activation\2.0.2\ang
Launcher Type: SUN_STANDARD

[Global flags]
     intx CICompilerCount                          = 12                                        {product} {ergonomic}
     uint ConcGCThreads                            = 3                                         {product} {ergonomic}
     uint G1ConcRefinementThreads                  = 13                                        {product} {ergonomic}
   size_t G1HeapRegionSize                         = 16777216                                  {product} {ergonomic}
    uintx GCDrainStackTargetSize                   = 64                                        {product} {ergonomic}
   size_t InitialHeapSize                          = 2147483648                                {product} {ergonomic}
     bool ManagementServer                         = true                                      {product} {command line}
   size_t MarkStackSize                            = 4194304                                   {product} {ergonomic}
   size_t MaxHeapSize                              = 32178700288                               {product} {ergonomic}
   size_t MinHeapDeltaBytes                        = 16777216                                  {product} {ergonomic}
   size_t MinHeapSize                              = 16777216                                  {product} {ergonomic}
    uintx NonProfiledCodeHeapSize                  = 0                                      {pd product} {ergonomic}
     bool ProfileInterpreter                       = false                                  {pd product} {command line}
    uintx ProfiledCodeHeapSize                     = 0                                      {pd product} {ergonomic}
     bool ShowCodeDetailsInExceptionMessages       = true                                   {manageable} {command line}
   size_t SoftMaxHeapSize                          = 32178700288                            {manageable} {ergonomic}
     intx TieredStopAtLevel                        = 1                                         {product} {command line}
     bool UseCompressedClassPointers               = true                           {product lp64_product} {ergonomic}
     bool UseCompressedOops                        = true                           {product lp64_product} {ergonomic}
     bool UseG1GC                                  = true                                      {product} {ergonomic}
     bool UseLargePagesIndividualAllocation        = false                                  {pd product} {ergonomic}

Logging:
Log output configuration:
 #0: stdout all=warning uptime,level,tags
 #1: stderr all=off uptime,level,tags

Environment Variables:
JAVA_HOME=C:\Program Files\OpenLogic\jdk-17.0.11.9-hotspot\
PATH=C:/Users/2000123709/Downloads/sts-4.22.1.RELEASE//plugins/org.eclipse.justj.openjdk.hotspot.jre.full.win32.x86_64_17.0.11.v20240426-1830/jre/bin/server;C:/Users/2000123709/Downloads/sts-4.22.1.RELEASE//plugins/org.eclipse.justj.openjdk.hotspot.jre.full.win32.x86_64_17.0.11.v20240426-1830/jre/bin;C:\Informatica\10.2.0\clients\tools\datadirect;C:\Informatica\10.2.0\clients\tools\odbcdrv;C:\Informatica\10.2.0\clients\tools\jdbcdrv;C:\Informatica\10.2.0\clients\tools\sharedlibs;C:\Program Files\OpenLogic\jdk-17.0.11.9-hotspot\bin;C:\Program Files\Python312\Scripts\;C:\Program Files\Python312\;C:\Program Files (x86)\Common Files\Oracle\Java\javapath;C:\Windows\system32;C:\Windows;C:\Windows\System32\Wbem;C:\Windows\System32\WindowsPowerShell\v1.0\;C:\Windows\System32\OpenSSH\;C:\Program Files\Git\cmd;C:\Program Files (x86)\Microsoft SQL Server\160\DTS\Binn\;C:\Program Files\nodejs\;C:\Program Files\Microsoft VS Code\bin;C:\kafka\kafka;C:\kafka\kafka\bin;C:\Program Files\Microsoft SQL Server\150\Tools\Binn\;C:\Program Files\Microsoft SQL Server\Client SDK\ODBC\170\Tools\Binn\;C:\Program Files\dotnet\;C:\Program Files (x86)\Windows Kits\10\Windows Performance Toolkit\;C:\users\MavericksVM-2$\AppData\Roaming\npm;C:\Users\2000123709\AppData\Local\Microsoft\WindowsApps;;C:\Users\2000123709\Downloads\sts-4.22.1.RELEASE;
USERNAME=2000123709
OS=Windows_NT
PROCESSOR_IDENTIFIER=AMD64 Family 23 Model 49 Stepping 0, AuthenticAMD
TMP=C:\Users\LOBD18~1\Temp
TEMP=C:\Users\LOBD18~1\Temp



Periodic native trim disabled


---------------  S Y S T E M  ---------------

OS:
 Windows Server 2019 , 64 bit Build 19041 (10.0.19041.3636)
OS uptime: 3 days 17:04 hours
Hyper-V virtualization detected

CPU: total 16 (initial active 16) (16 cores per cpu, 2 threads per core) family 23 model 49 stepping 0 microcode 0x0, cx8, cmov, fxsr, ht, mmx, 3dnowpref, sse, sse2, sse3, ssse3, sse4a, sse4.1, sse4.2, popcnt, lzcnt, tsc, avx, avx2, aes, clmul, bmi1, bmi2, adx, sha, fma, vzeroupper, clflush, clflushopt, hv
Processor Information for all 16 processors :
  Max Mhz: 2346, Current Mhz: 2346, Mhz Limit: 2346

Memory: 4k page, system-wide physical 131070M (28088M free)
TotalPageFile size 163838M (AvailPageFile size 1219M)
current process WorkingSet (physical memory assigned to process): 11M, peak: 11M
current process commit charge ("private bytes"): 67M, peak: 2114M

vm_info: OpenJDK 64-Bit Server VM (17.0.11+9) for windows-amd64 JRE (17.0.11+9), built on Apr 17 2024 06:07:48 by "admin" with MS VC++ 16.10 / 16.11 (VS2019)

END.
